#
# There is insufficient memory for the Java Runtime Environment to continue.
# Native memory allocation (malloc) failed to allocate 32744 bytes for ChunkPool::allocate
# Possible reasons:
#   The system is out of physical RAM or swap space
#   The process is running with CompressedOops enabled, and the Java Heap may be blocking the growth of the native heap
# Possible solutions:
#   Reduce memory load on the system
#   Increase physical memory or swap space
#   Check if swap backing store is full
#   Decrease Java heap size (-Xmx/-Xms)
#   Decrease number of Java threads
#   Decrease Java thread stack sizes (-Xss)
#   Set larger code cache with -XX:ReservedCodeCacheSize=
#   JVM is running with Unscaled Compressed Oops mode in which the Java heap is
#     placed in the first 4GB address space. The Java Heap base address is the
#     maximum limit for the native heap growth. Please use -XX:HeapBaseMinAddress
#     to set the Java Heap base and to place the Java Heap above 4GB virtual address.
# This output file may be truncated or incomplete.
#
#  Out of Memory Error (arena.cpp:78), pid=12824, tid=5720
#
# JRE version: Java(TM) SE Runtime Environment (17.0.6+9) (build 17.0.6+9-LTS-190)
# Java VM: Java HotSpot(TM) 64-Bit Server VM (17.0.6+9-LTS-190, mixed mode, sharing, tiered, compressed oops, compressed class ptrs, g1 gc, windows-amd64)
# No core dump will be written. Minidumps are not enabled by default on client versions of Windows
#

---------------  S U M M A R Y ------------

Command Line: -Xmx64m -Xms64m -Dorg.gradle.appname=gradle org.gradle.launcher.GradleMain clean qa -Psuite1

Host: AMD Ryzen 5 4600H with Radeon Graphics         , 12 cores, 15G,  Windows 10 , 64 bit Build 19041 (10.0.19041.2546)
Time: Mon Apr 17 19:30:28 2023 RTZ 2 (s 10 , 64 bit Build 19041 (10.0.19041.2546) elapsed time: 46.071689 seconds (0d 0h 0m 46s)

---------------  T H R E A D  ---------------

Current thread (0x00000218ff86e190):  JavaThread "C1 CompilerThread0" daemon [_thread_in_native, id=5720, stack(0x0000001e17600000,0x0000001e17700000)]


Current CompileTask:
C1:  46071 1378       3       java.lang.invoke.InvokerBytecodeGenerator::emitPushArgument (150 bytes)

Stack: [0x0000001e17600000,0x0000001e17700000]
Native frames: (J=compiled Java code, j=interpreted, Vv=VM code, C=native code)
V  [jvm.dll+0x6734ea]
V  [jvm.dll+0x7d18f4]
V  [jvm.dll+0x7d309e]
V  [jvm.dll+0x7d3703]
V  [jvm.dll+0x2433c5]
V  [jvm.dll+0xaa6c0]
V  [jvm.dll+0xaaa0c]
V  [jvm.dll+0x13fe64]
V  [jvm.dll+0x1363d9]
V  [jvm.dll+0x141908]
V  [jvm.dll+0x144a17]
V  [jvm.dll+0x144435]
V  [jvm.dll+0x13c160]
V  [jvm.dll+0x13e3ee]
V  [jvm.dll+0x13c8fc]
V  [jvm.dll+0x144f0a]
V  [jvm.dll+0x144435]
V  [jvm.dll+0x13c160]
V  [jvm.dll+0x13e3ee]
V  [jvm.dll+0x13c9f5]
V  [jvm.dll+0x136b38]
V  [jvm.dll+0x146096]
V  [jvm.dll+0x132240]
V  [jvm.dll+0x1325a0]
V  [jvm.dll+0x132868]
V  [jvm.dll+0x131d01]
V  [jvm.dll+0x1339ad]
V  [jvm.dll+0x224b6e]
V  [jvm.dll+0x222f15]
V  [jvm.dll+0x78753c]
V  [jvm.dll+0x781a7a]
V  [jvm.dll+0x672375]
C  [ucrtbase.dll+0x21bb2]
C  [KERNEL32.DLL+0x17614]
C  [ntdll.dll+0x526a1]


---------------  P R O C E S S  ---------------

Threads class SMR info:
_java_thread_list=0x00000218902a8070, length=13, elements={
0x00000218f2d34420, 0x00000218f2e0e840, 0x00000218ff851410, 0x00000218ff865e60,
0x00000218ff868920, 0x00000218ff8698e0, 0x00000218ff86a290, 0x00000218ff86d7a0,
0x00000218ff86e190, 0x00000218ff86f5a0, 0x00000218ffac5ca0, 0x00000218ffac6320,
0x00000218901bc040
}

Java Threads: ( => current thread )
  0x00000218f2d34420 JavaThread "main" [_thread_blocked, id=40936, stack(0x0000001e16800000,0x0000001e16900000)]
  0x00000218f2e0e840 JavaThread "Reference Handler" daemon [_thread_blocked, id=12408, stack(0x0000001e16f00000,0x0000001e17000000)]
  0x00000218ff851410 JavaThread "Finalizer" daemon [_thread_blocked, id=18816, stack(0x0000001e17000000,0x0000001e17100000)]
  0x00000218ff865e60 JavaThread "Signal Dispatcher" daemon [_thread_blocked, id=36576, stack(0x0000001e17100000,0x0000001e17200000)]
  0x00000218ff868920 JavaThread "Attach Listener" daemon [_thread_blocked, id=19772, stack(0x0000001e17200000,0x0000001e17300000)]
  0x00000218ff8698e0 JavaThread "Service Thread" daemon [_thread_blocked, id=19552, stack(0x0000001e17300000,0x0000001e17400000)]
  0x00000218ff86a290 JavaThread "Monitor Deflation Thread" daemon [_thread_blocked, id=3180, stack(0x0000001e17400000,0x0000001e17500000)]
  0x00000218ff86d7a0 JavaThread "C2 CompilerThread0" daemon [_thread_in_native, id=32824, stack(0x0000001e17500000,0x0000001e17600000)]
=>0x00000218ff86e190 JavaThread "C1 CompilerThread0" daemon [_thread_in_native, id=5720, stack(0x0000001e17600000,0x0000001e17700000)]
  0x00000218ff86f5a0 JavaThread "Sweeper thread" daemon [_thread_blocked, id=9784, stack(0x0000001e17700000,0x0000001e17800000)]
  0x00000218ffac5ca0 JavaThread "Notification Thread" daemon [_thread_blocked, id=40516, stack(0x0000001e17800000,0x0000001e17900000)]
  0x00000218ffac6320 JavaThread "Common-Cleaner" daemon [_thread_blocked, id=30828, stack(0x0000001e17a00000,0x0000001e17b00000)]
  0x00000218901bc040 JavaThread "DisconnectableInputStream source reader" daemon [_thread_in_native, id=7812, stack(0x0000001e18200000,0x0000001e18300000)]

Other Threads:
  0x00000218f2e0b9c0 VMThread "VM Thread" [stack: 0x0000001e16e00000,0x0000001e16f00000] [id=36224]
  0x00000218f2d5ba70 WatcherThread [stack: 0x0000001e17900000,0x0000001e17a00000] [id=34120]
  0x00000218f2d53d00 GCTaskThread "GC Thread#0" [stack: 0x0000001e16900000,0x0000001e16a00000] [id=24212]
  0x00000218901e9250 GCTaskThread "GC Thread#1" [stack: 0x0000001e17e00000,0x0000001e17f00000] [id=4836]
  0x00000218ffd312d0 GCTaskThread "GC Thread#2" [stack: 0x0000001e17f00000,0x0000001e18000000] [id=31808]
  0x000002188fb9b6a0 GCTaskThread "GC Thread#3" [stack: 0x0000001e18000000,0x0000001e18100000] [id=30424]
  0x000002188fffec10 GCTaskThread "GC Thread#4" [stack: 0x0000001e18100000,0x0000001e18200000] [id=40336]
  0x00000218f2d552e0 ConcurrentGCThread "G1 Main Marker" [stack: 0x0000001e16a00000,0x0000001e16b00000] [id=35072]
  0x00000218f2d55b90 ConcurrentGCThread "G1 Conc#0" [stack: 0x0000001e16b00000,0x0000001e16c00000] [id=30060]
  0x00000218f2dea830 ConcurrentGCThread "G1 Refine#0" [stack: 0x0000001e16c00000,0x0000001e16d00000] [id=32808]
  0x00000218f2deb0f0 ConcurrentGCThread "G1 Service" [stack: 0x0000001e16d00000,0x0000001e16e00000] [id=40404]

Threads with active compile tasks:
C2 CompilerThread0    46091 1367 % !   4       java.io.BufferedReader::readLine @ 139 (327 bytes)
C1 CompilerThread0    46091 1378       3       java.lang.invoke.InvokerBytecodeGenerator::emitPushArgument (150 bytes)

VM state: not at safepoint (normal execution)

VM Mutex/Monitor currently owned by a thread: None

Heap address: 0x00000000fc000000, size: 64 MB, Compressed Oops mode: 32-bit

CDS archive(s) mapped at: [0x0000000800000000-0x0000000800bd0000-0x0000000800bd0000), size 12386304, SharedBaseAddress: 0x0000000800000000, ArchiveRelocationMode: 0.
Compressed class space mapped at: 0x0000000800c00000-0x0000000840c00000, reserved size: 1073741824
Narrow klass base: 0x0000000800000000, Narrow klass shift: 0, Narrow klass range: 0x100000000

GC Precious Log:
 CPUs: 12 total, 12 available
 Memory: 15741M
 Large Page Support: Disabled
 NUMA Support: Disabled
 Compressed Oops: Enabled (32-bit)
 Heap Region Size: 1M
 Heap Min Capacity: 64M
 Heap Initial Capacity: 64M
 Heap Max Capacity: 64M
 Pre-touch: Disabled
 Parallel Workers: 10
 Concurrent Workers: 3
 Concurrent Refinement Workers: 10
 Periodic GC: Disabled

Heap:
 garbage-first heap   total 65536K, used 21624K [0x00000000fc000000, 0x0000000100000000)
  region size 1024K, 15 young (15360K), 3 survivors (3072K)
 Metaspace       used 8394K, committed 8576K, reserved 1056768K
  class space    used 1145K, committed 1216K, reserved 1048576K

Heap Regions: E=young(eden), S=young(survivor), O=old, HS=humongous(starts), HC=humongous(continues), CS=collection set, F=free, OA=open archive, CA=closed archive, TAMS=top-at-mark-start (previous, next)
|   0|0x00000000fc000000, 0x00000000fc100000, 0x00000000fc100000|100%|HS|  |TAMS 0x00000000fc000000, 0x00000000fc000000| Complete 
|   1|0x00000000fc100000, 0x00000000fc200000, 0x00000000fc200000|100%|HC|  |TAMS 0x00000000fc100000, 0x00000000fc100000| Complete 
|   2|0x00000000fc200000, 0x00000000fc300000, 0x00000000fc300000|100%|HC|  |TAMS 0x00000000fc200000, 0x00000000fc200000| Complete 
|   3|0x00000000fc300000, 0x00000000fc400000, 0x00000000fc400000|100%|HC|  |TAMS 0x00000000fc300000, 0x00000000fc300000| Complete 
|   4|0x00000000fc400000, 0x00000000fc500000, 0x00000000fc500000|100%| O|  |TAMS 0x00000000fc400000, 0x00000000fc400000| Untracked 
|   5|0x00000000fc500000, 0x00000000fc600000, 0x00000000fc600000|100%| O|  |TAMS 0x00000000fc500000, 0x00000000fc500000| Untracked 
|   6|0x00000000fc600000, 0x00000000fc700000, 0x00000000fc700000|100%| O|  |TAMS 0x00000000fc600000, 0x00000000fc600000| Untracked 
|   7|0x00000000fc700000, 0x00000000fc71e000, 0x00000000fc800000| 11%| O|  |TAMS 0x00000000fc700000, 0x00000000fc700000| Untracked 
|   8|0x00000000fc800000, 0x00000000fc800000, 0x00000000fc900000|  0%| F|  |TAMS 0x00000000fc800000, 0x00000000fc800000| Untracked 
|   9|0x00000000fc900000, 0x00000000fc900000, 0x00000000fca00000|  0%| F|  |TAMS 0x00000000fc900000, 0x00000000fc900000| Untracked 
|  10|0x00000000fca00000, 0x00000000fca00000, 0x00000000fcb00000|  0%| F|  |TAMS 0x00000000fca00000, 0x00000000fca00000| Untracked 
|  11|0x00000000fcb00000, 0x00000000fcb00000, 0x00000000fcc00000|  0%| F|  |TAMS 0x00000000fcb00000, 0x00000000fcb00000| Untracked 
|  12|0x00000000fcc00000, 0x00000000fcc00000, 0x00000000fcd00000|  0%| F|  |TAMS 0x00000000fcc00000, 0x00000000fcc00000| Untracked 
|  13|0x00000000fcd00000, 0x00000000fcd00000, 0x00000000fce00000|  0%| F|  |TAMS 0x00000000fcd00000, 0x00000000fcd00000| Untracked 
|  14|0x00000000fce00000, 0x00000000fce00000, 0x00000000fcf00000|  0%| F|  |TAMS 0x00000000fce00000, 0x00000000fce00000| Untracked 
|  15|0x00000000fcf00000, 0x00000000fcf00000, 0x00000000fd000000|  0%| F|  |TAMS 0x00000000fcf00000, 0x00000000fcf00000| Untracked 
|  16|0x00000000fd000000, 0x00000000fd000000, 0x00000000fd100000|  0%| F|  |TAMS 0x00000000fd000000, 0x00000000fd000000| Untracked 
|  17|0x00000000fd100000, 0x00000000fd100000, 0x00000000fd200000|  0%| F|  |TAMS 0x00000000fd100000, 0x00000000fd100000| Untracked 
|  18|0x00000000fd200000, 0x00000000fd200000, 0x00000000fd300000|  0%| F|  |TAMS 0x00000000fd200000, 0x00000000fd200000| Untracked 
|  19|0x00000000fd300000, 0x00000000fd300000, 0x00000000fd400000|  0%| F|  |TAMS 0x00000000fd300000, 0x00000000fd300000| Untracked 
|  20|0x00000000fd400000, 0x00000000fd400000, 0x00000000fd500000|  0%| F|  |TAMS 0x00000000fd400000, 0x00000000fd400000| Untracked 
|  21|0x00000000fd500000, 0x00000000fd500000, 0x00000000fd600000|  0%| F|  |TAMS 0x00000000fd500000, 0x00000000fd500000| Untracked 
|  22|0x00000000fd600000, 0x00000000fd600000, 0x00000000fd700000|  0%| F|  |TAMS 0x00000000fd600000, 0x00000000fd600000| Untracked 
|  23|0x00000000fd700000, 0x00000000fd700000, 0x00000000fd800000|  0%| F|  |TAMS 0x00000000fd700000, 0x00000000fd700000| Untracked 
|  24|0x00000000fd800000, 0x00000000fd800000, 0x00000000fd900000|  0%| F|  |TAMS 0x00000000fd800000, 0x00000000fd800000| Untracked 
|  25|0x00000000fd900000, 0x00000000fd900000, 0x00000000fda00000|  0%| F|  |TAMS 0x00000000fd900000, 0x00000000fd900000| Untracked 
|  26|0x00000000fda00000, 0x00000000fda00000, 0x00000000fdb00000|  0%| F|  |TAMS 0x00000000fda00000, 0x00000000fda00000| Untracked 
|  27|0x00000000fdb00000, 0x00000000fdb00000, 0x00000000fdc00000|  0%| F|  |TAMS 0x00000000fdb00000, 0x00000000fdb00000| Untracked 
|  28|0x00000000fdc00000, 0x00000000fdc00000, 0x00000000fdd00000|  0%| F|  |TAMS 0x00000000fdc00000, 0x00000000fdc00000| Untracked 
|  29|0x00000000fdd00000, 0x00000000fdd00000, 0x00000000fde00000|  0%| F|  |TAMS 0x00000000fdd00000, 0x00000000fdd00000| Untracked 
|  30|0x00000000fde00000, 0x00000000fde00000, 0x00000000fdf00000|  0%| F|  |TAMS 0x00000000fde00000, 0x00000000fde00000| Untracked 
|  31|0x00000000fdf00000, 0x00000000fdf00000, 0x00000000fe000000|  0%| F|  |TAMS 0x00000000fdf00000, 0x00000000fdf00000| Untracked 
|  32|0x00000000fe000000, 0x00000000fe000000, 0x00000000fe100000|  0%| F|  |TAMS 0x00000000fe000000, 0x00000000fe000000| Untracked 
|  33|0x00000000fe100000, 0x00000000fe100000, 0x00000000fe200000|  0%| F|  |TAMS 0x00000000fe100000, 0x00000000fe100000| Untracked 
|  34|0x00000000fe200000, 0x00000000fe200000, 0x00000000fe300000|  0%| F|  |TAMS 0x00000000fe200000, 0x00000000fe200000| Untracked 
|  35|0x00000000fe300000, 0x00000000fe300000, 0x00000000fe400000|  0%| F|  |TAMS 0x00000000fe300000, 0x00000000fe300000| Untracked 
|  36|0x00000000fe400000, 0x00000000fe400000, 0x00000000fe500000|  0%| F|  |TAMS 0x00000000fe400000, 0x00000000fe400000| Untracked 
|  37|0x00000000fe500000, 0x00000000fe500000, 0x00000000fe600000|  0%| F|  |TAMS 0x00000000fe500000, 0x00000000fe500000| Untracked 
|  38|0x00000000fe600000, 0x00000000fe700000, 0x00000000fe700000|100%| S|CS|TAMS 0x00000000fe600000, 0x00000000fe600000| Complete 
|  39|0x00000000fe700000, 0x00000000fe800000, 0x00000000fe800000|100%| S|CS|TAMS 0x00000000fe700000, 0x00000000fe700000| Complete 
|  40|0x00000000fe800000, 0x00000000fe900000, 0x00000000fe900000|100%| S|CS|TAMS 0x00000000fe800000, 0x00000000fe800000| Complete 
|  41|0x00000000fe900000, 0x00000000fe900000, 0x00000000fea00000|  0%| F|  |TAMS 0x00000000fe900000, 0x00000000fe900000| Untracked 
|  42|0x00000000fea00000, 0x00000000fea00000, 0x00000000feb00000|  0%| F|  |TAMS 0x00000000fea00000, 0x00000000fea00000| Untracked 
|  43|0x00000000feb00000, 0x00000000feb00000, 0x00000000fec00000|  0%| F|  |TAMS 0x00000000feb00000, 0x00000000feb00000| Untracked 
|  44|0x00000000fec00000, 0x00000000fec00000, 0x00000000fed00000|  0%| F|  |TAMS 0x00000000fec00000, 0x00000000fec00000| Untracked 
|  45|0x00000000fed00000, 0x00000000fed00000, 0x00000000fee00000|  0%| F|  |TAMS 0x00000000fed00000, 0x00000000fed00000| Untracked 
|  46|0x00000000fee00000, 0x00000000fee00000, 0x00000000fef00000|  0%| F|  |TAMS 0x00000000fee00000, 0x00000000fee00000| Untracked 
|  47|0x00000000fef00000, 0x00000000fef00000, 0x00000000ff000000|  0%| F|  |TAMS 0x00000000fef00000, 0x00000000fef00000| Untracked 
|  48|0x00000000ff000000, 0x00000000ff000000, 0x00000000ff100000|  0%| F|  |TAMS 0x00000000ff000000, 0x00000000ff000000| Untracked 
|  49|0x00000000ff100000, 0x00000000ff100000, 0x00000000ff200000|  0%| F|  |TAMS 0x00000000ff100000, 0x00000000ff100000| Untracked 
|  50|0x00000000ff200000, 0x00000000ff200000, 0x00000000ff300000|  0%| F|  |TAMS 0x00000000ff200000, 0x00000000ff200000| Untracked 
|  51|0x00000000ff300000, 0x00000000ff300000, 0x00000000ff400000|  0%| F|  |TAMS 0x00000000ff300000, 0x00000000ff300000| Untracked 
|  52|0x00000000ff400000, 0x00000000ff500000, 0x00000000ff500000|100%| E|  |TAMS 0x00000000ff400000, 0x00000000ff400000| Complete 
|  53|0x00000000ff500000, 0x00000000ff600000, 0x00000000ff600000|100%| E|CS|TAMS 0x00000000ff500000, 0x00000000ff500000| Complete 
|  54|0x00000000ff600000, 0x00000000ff700000, 0x00000000ff700000|100%| E|CS|TAMS 0x00000000ff600000, 0x00000000ff600000| Complete 
|  55|0x00000000ff700000, 0x00000000ff800000, 0x00000000ff800000|100%| E|CS|TAMS 0x00000000ff700000, 0x00000000ff700000| Complete 
|  56|0x00000000ff800000, 0x00000000ff900000, 0x00000000ff900000|100%| E|CS|TAMS 0x00000000ff800000, 0x00000000ff800000| Complete 
|  57|0x00000000ff900000, 0x00000000ffa00000, 0x00000000ffa00000|100%| E|CS|TAMS 0x00000000ff900000, 0x00000000ff900000| Complete 
|  58|0x00000000ffa00000, 0x00000000ffb00000, 0x00000000ffb00000|100%| E|CS|TAMS 0x00000000ffa00000, 0x00000000ffa00000| Complete 
|  59|0x00000000ffb00000, 0x00000000ffc00000, 0x00000000ffc00000|100%| E|CS|TAMS 0x00000000ffb00000, 0x00000000ffb00000| Complete 
|  60|0x00000000ffc00000, 0x00000000ffd00000, 0x00000000ffd00000|100%| E|CS|TAMS 0x00000000ffc00000, 0x00000000ffc00000| Complete 
|  61|0x00000000ffd00000, 0x00000000ffe00000, 0x00000000ffe00000|100%| E|CS|TAMS 0x00000000ffd00000, 0x00000000ffd00000| Complete 
|  62|0x00000000ffe00000, 0x00000000fff00000, 0x00000000fff00000|100%| E|CS|TAMS 0x00000000ffe00000, 0x00000000ffe00000| Complete 
|  63|0x00000000fff00000, 0x0000000100000000, 0x0000000100000000|100%| E|CS|TAMS 0x00000000fff00000, 0x00000000fff00000| Complete 

Card table byte_map: [0x00000218fca40000,0x00000218fca60000] _byte_map_base: 0x00000218fc260000

Marking Bits (Prev, Next): (CMBitMap*) 0x00000218f2d541b0, (CMBitMap*) 0x00000218f2d541f0
 Prev Bits: [0x00000218fca80000, 0x00000218fcb80000)
 Next Bits: [0x00000218fcb80000, 0x00000218fcc80000)

Polling page: 0x00000218f2e10000

Metaspace:

Usage:
  Non-class:      7.08 MB used.
      Class:      1.12 MB used.
       Both:      8.20 MB used.

Virtual space:
  Non-class space:        8.00 MB reserved,       7.19 MB ( 90%) committed,  1 nodes.
      Class space:        1.00 GB reserved,       1.19 MB ( <1%) committed,  1 nodes.
             Both:        1.01 GB reserved,       8.38 MB ( <1%) committed. 

Chunk freelists:
   Non-Class:  208.00 KB
       Class:  2.64 MB
        Both:  2.84 MB

MaxMetaspaceSize: unlimited
CompressedClassSpaceSize: 1.00 GB
Initial GC threshold: 21.00 MB
Current GC threshold: 21.00 MB
CDS: on
MetaspaceReclaimPolicy: balanced
 - commit_granule_bytes: 65536.
 - commit_granule_words: 8192.
 - virtual_space_node_default_size: 1048576.
 - enlarge_chunks_in_place: 1.
 - new_chunks_are_fully_committed: 0.
 - uncommit_free_chunks: 1.
 - use_allocation_guard: 0.
 - handle_deallocations: 1.


Internal statistics:

num_allocs_failed_limit: 0.
num_arena_births: 76.
num_arena_deaths: 0.
num_vsnodes_births: 2.
num_vsnodes_deaths: 0.
num_space_committed: 134.
num_space_uncommitted: 0.
num_chunks_returned_to_freelist: 0.
num_chunks_taken_from_freelist: 290.
num_chunk_merges: 0.
num_chunk_splits: 205.
num_chunks_enlarged: 172.
num_purges: 0.
num_inconsistent_stats: 0.

CodeHeap 'non-profiled nmethods': size=120000Kb used=535Kb max_used=535Kb free=119465Kb
 bounds [0x0000021887ad0000, 0x0000021887d40000, 0x000002188f000000]
CodeHeap 'profiled nmethods': size=120000Kb used=2482Kb max_used=2482Kb free=117517Kb
 bounds [0x0000021880000000, 0x0000021880270000, 0x0000021887530000]
CodeHeap 'non-nmethods': size=5760Kb used=1162Kb max_used=1176Kb free=4597Kb
 bounds [0x0000021887530000, 0x00000218877a0000, 0x0000021887ad0000]
 total_blobs=1833 nmethods=1375 adapters=371
 compilation: enabled
              stopped_count=0, restarted_count=0
 full_count=0

Compilation events (20 events):
Event: 46.068 Thread 0x00000218ff86e190 nmethod 1365 0x0000021880268310 code [0x0000021880268560, 0x0000021880268cc8]
Event: 46.068 Thread 0x00000218ff86e190 1366       3       java.util.LinkedList::isPositionIndex (18 bytes)
Event: 46.068 Thread 0x00000218ff86e190 nmethod 1366 0x0000021880269010 code [0x00000218802691a0, 0x0000021880269338]
Event: 46.068 Thread 0x00000218ff86e190 1369       3       java.util.LinkedList::node (65 bytes)
Event: 46.069 Thread 0x00000218ff86e190 nmethod 1369 0x0000021880269410 code [0x00000218802695c0, 0x0000021880269898]
Event: 46.069 Thread 0x00000218ff86e190 1368       3       java.nio.ByteBuffer::array (35 bytes)
Event: 46.069 Thread 0x00000218ff86e190 nmethod 1368 0x0000021880269a10 code [0x0000021880269be0, 0x0000021880269eb8]
Event: 46.069 Thread 0x00000218ff86e190 1370       3       org.gradle.util.internal.LimitedDescription::append (33 bytes)
Event: 46.069 Thread 0x00000218ff86e190 nmethod 1370 0x000002188026a010 code [0x000002188026a240, 0x000002188026a988]
Event: 46.069 Thread 0x00000218ff86e190 1371       3       java.util.LinkedList::add (32 bytes)
Event: 46.069 Thread 0x00000218ff86e190 nmethod 1371 0x000002188026ac90 code [0x000002188026aea0, 0x000002188026b388]
Event: 46.069 Thread 0x00000218ff86e190 1372       3       java.util.LinkedList::linkBefore (63 bytes)
Event: 46.070 Thread 0x00000218ff86e190 nmethod 1372 0x000002188026b590 code [0x000002188026b760, 0x000002188026bc18]
Event: 46.070 Thread 0x00000218ff86e190 1373       3       java.util.LinkedList::removeLast (23 bytes)
Event: 46.070 Thread 0x00000218ff86e190 nmethod 1373 0x000002188026bd90 code [0x000002188026bf40, 0x000002188026c198]
Event: 46.070 Thread 0x00000218ff86e190 1374       3       java.util.LinkedList::unlinkLast (64 bytes)
Event: 46.070 Thread 0x00000218ff86e190 nmethod 1374 0x000002188026c290 code [0x000002188026c440, 0x000002188026c6d8]
Event: 46.070 Thread 0x00000218ff86e190 1376       3       java.lang.invoke.MethodType::basicType (8 bytes)
Event: 46.070 Thread 0x00000218ff86e190 nmethod 1376 0x000002188026c810 code [0x000002188026c9a0, 0x000002188026cad8]
Event: 46.070 Thread 0x00000218ff86e190 1378       3       java.lang.invoke.InvokerBytecodeGenerator::emitPushArgument (150 bytes)

GC Heap History (2 events):
Event: 0.545 GC heap before
{Heap before GC invocations=0 (full 0):
 garbage-first heap   total 65536K, used 26624K [0x00000000fc000000, 0x0000000100000000)
  region size 1024K, 23 young (23552K), 0 survivors (0K)
 Metaspace       used 4117K, committed 4288K, reserved 1056768K
  class space    used 580K, committed 704K, reserved 1048576K
}
Event: 0.550 GC heap after
{Heap after GC invocations=1 (full 0):
 garbage-first heap   total 65536K, used 10360K [0x00000000fc000000, 0x0000000100000000)
  region size 1024K, 3 young (3072K), 3 survivors (3072K)
 Metaspace       used 4117K, committed 4288K, reserved 1056768K
  class space    used 580K, committed 704K, reserved 1048576K
}

Deoptimization events (20 events):
Event: 0.580 Thread 0x00000218f2d34420 Uncommon trap: trap_request=0xffffffde fr.pc=0x0000021887b32dac relative=0x000000000000010c
Event: 0.580 Thread 0x00000218f2d34420 Uncommon trap: reason=class_check action=maybe_recompile pc=0x0000021887b32dac method=jdk.internal.misc.Unsafe.allocateUninitializedArray(Ljava/lang/Class;I)Ljava/lang/Object; @ 51 c2
Event: 0.580 Thread 0x00000218f2d34420 DEOPT PACKING pc=0x0000021887b32dac sp=0x0000001e168fbce0
Event: 0.580 Thread 0x00000218f2d34420 DEOPT UNPACKING pc=0x00000218875823a3 sp=0x0000001e168fbc68 mode 2
Event: 0.618 Thread 0x00000218f2d34420 DEOPT PACKING pc=0x00000218800a2565 sp=0x0000001e168f7160
Event: 0.618 Thread 0x00000218f2d34420 DEOPT UNPACKING pc=0x0000021887582b43 sp=0x0000001e168f65b0 mode 0
Event: 0.632 Thread 0x00000218902ba4a0 DEOPT PACKING pc=0x00000218800f4338 sp=0x0000001e17dfa360
Event: 0.632 Thread 0x00000218902ba4a0 DEOPT UNPACKING pc=0x0000021887582b43 sp=0x0000001e17df9878 mode 0
Event: 0.765 Thread 0x00000218f2d34420 Uncommon trap: trap_request=0xffffff45 fr.pc=0x0000021887b0bfd8 relative=0x0000000000000618
Event: 0.765 Thread 0x00000218f2d34420 Uncommon trap: reason=unstable_if action=reinterpret pc=0x0000021887b0bfd8 method=java.lang.AbstractStringBuilder.append(Ljava/lang/String;)Ljava/lang/AbstractStringBuilder; @ 1 c2
Event: 0.765 Thread 0x00000218f2d34420 DEOPT PACKING pc=0x0000021887b0bfd8 sp=0x0000001e168fcf90
Event: 0.765 Thread 0x00000218f2d34420 DEOPT UNPACKING pc=0x00000218875823a3 sp=0x0000001e168fcf10 mode 2
Event: 0.765 Thread 0x00000218f2d34420 Uncommon trap: trap_request=0xffffff45 fr.pc=0x0000021887b1ae68 relative=0x0000000000000628
Event: 0.765 Thread 0x00000218f2d34420 Uncommon trap: reason=unstable_if action=reinterpret pc=0x0000021887b1ae68 method=java.lang.AbstractStringBuilder.append(Ljava/lang/String;)Ljava/lang/AbstractStringBuilder; @ 1 c2
Event: 0.765 Thread 0x00000218f2d34420 DEOPT PACKING pc=0x0000021887b1ae68 sp=0x0000001e168fcf30
Event: 0.765 Thread 0x00000218f2d34420 DEOPT UNPACKING pc=0x00000218875823a3 sp=0x0000001e168fcf18 mode 2
Event: 0.781 Thread 0x00000218f2d34420 Uncommon trap: trap_request=0xffffff45 fr.pc=0x0000021887b1e78c relative=0x00000000000004ec
Event: 0.781 Thread 0x00000218f2d34420 Uncommon trap: reason=unstable_if action=reinterpret pc=0x0000021887b1e78c method=java.util.HashMap.putVal(ILjava/lang/Object;Ljava/lang/Object;ZZ)Ljava/lang/Object; @ 162 c2
Event: 0.781 Thread 0x00000218f2d34420 DEOPT PACKING pc=0x0000021887b1e78c sp=0x0000001e168fb000
Event: 0.781 Thread 0x00000218f2d34420 DEOPT UNPACKING pc=0x00000218875823a3 sp=0x0000001e168faf38 mode 2

Classes unloaded (0 events):
No events

Classes redefined (0 events):
No events

Internal exceptions (20 events):
Event: 0.426 Thread 0x00000218f2d34420 Exception <a 'java/lang/NoSuchMethodError'{0x00000000fee021f8}: 'void java.lang.invoke.DirectMethodHandle$Holder.invokeStatic(java.lang.Object, java.lang.Object)'> (0x00000000fee021f8) 
thrown [s\open\src\hotspot\share\interpreter\linkResolver.cpp, line 759]
Event: 0.443 Thread 0x00000218f2d34420 Exception <a 'java/lang/NoClassDefFoundError'{0x00000000fee67f60}: org/slf4j/impl/StaticMarkerBinder> (0x00000000fee67f60) 
thrown [s\open\src\hotspot\share\classfile\systemDictionary.cpp, line 245]
Event: 0.457 Thread 0x00000218f2d34420 Exception <a 'java/lang/NoSuchMethodError'{0x00000000feefce70}: 'java.lang.Object java.lang.invoke.DirectMethodHandle$Holder.invokeVirtual(java.lang.Object, java.lang.Object, java.lang.Object, java.lang.Object, java.lang.Object, java.lang.Object, java.lang.Object)'> (0x00000000feefce70) 
thrown [s\open\src\hotspot\share\interpreter\linkResolver.cpp, line 759]
Event: 0.458 Thread 0x00000218f2d34420 Exception <a 'java/lang/NoSuchMethodError'{0x00000000fed0dfc8}: 'java.lang.Object java.lang.invoke.Invokers$Holder.invoker(java.lang.Object, java.lang.Object, java.lang.Object)'> (0x00000000fed0dfc8) 
thrown [s\open\src\hotspot\share\interpreter\linkResolver.cpp, line 759]
Event: 0.459 Thread 0x00000218f2d34420 Exception <a 'java/lang/NoSuchMethodError'{0x00000000fed170e0}: 'java.lang.Object java.lang.invoke.DirectMethodHandle$Holder.invokeStatic(java.lang.Object, java.lang.Object, int)'> (0x00000000fed170e0) 
thrown [s\open\src\hotspot\share\interpreter\linkResolver.cpp, line 759]
Event: 0.460 Thread 0x00000218f2d34420 Exception <a 'java/lang/NoSuchMethodError'{0x00000000fed22e38}: 'void java.lang.invoke.DelegatingMethodHandle$Holder.delegate(java.lang.Object, java.lang.Object, int, java.lang.Object)'> (0x00000000fed22e38) 
thrown [s\open\src\hotspot\share\interpreter\linkResolver.cpp, line 759]
Event: 0.461 Thread 0x00000218f2d34420 Exception <a 'java/lang/NoSuchMethodError'{0x00000000fed26f80}: 'int java.lang.invoke.DirectMethodHandle$Holder.invokeSpecial(java.lang.Object, java.lang.Object, java.lang.Object)'> (0x00000000fed26f80) 
thrown [s\open\src\hotspot\share\interpreter\linkResolver.cpp, line 759]
Event: 0.464 Thread 0x00000218f2d34420 Exception <a 'java/lang/NoSuchMethodError'{0x00000000fed3a0c8}: 'java.lang.Object java.lang.invoke.Invokers$Holder.invokeExact_MT(java.lang.Object, java.lang.Object, java.lang.Object, java.lang.Object)'> (0x00000000fed3a0c8) 
thrown [s\open\src\hotspot\share\interpreter\linkResolver.cpp, line 759]
Event: 0.554 Thread 0x00000218f2d34420 Exception <a 'java/lang/NoSuchMethodError'{0x00000000fff226e0}: 'void java.lang.invoke.DirectMethodHandle$Holder.invokeSpecial(java.lang.Object, java.lang.Object, java.lang.Object)'> (0x00000000fff226e0) 
thrown [s\open\src\hotspot\share\interpreter\linkResolver.cpp, line 759]
Event: 0.564 Thread 0x00000218f2d34420 Implicit null exception at 0x0000021887b1d513 to 0x0000021887b1d950
Event: 0.564 Thread 0x00000218f2d34420 Implicit null exception at 0x0000021887b10011 to 0x0000021887b10448
Event: 0.564 Thread 0x00000218f2d34420 Implicit null exception at 0x0000021887b0e00f to 0x0000021887b0e089
Event: 0.582 Thread 0x00000218f2d34420 Exception <a 'java/lang/NoSuchMethodError'{0x00000000ffead2c8}: 'java.lang.Object java.lang.invoke.DirectMethodHandle$Holder.invokeStaticInit(java.lang.Object)'> (0x00000000ffead2c8) 
thrown [s\open\src\hotspot\share\interpreter\linkResolver.cpp, line 759]
Event: 0.666 Thread 0x00000218f2d34420 Exception <a 'java/lang/NoSuchMethodError'{0x00000000ff9780a0}: 'java.lang.Object java.lang.invoke.DirectMethodHandle$Holder.invokeStaticInit(java.lang.Object, int, int, int, int)'> (0x00000000ff9780a0) 
thrown [s\open\src\hotspot\share\interpreter\linkResolver.cpp, line 759]
Event: 0.692 Thread 0x00000218f2d34420 Exception <a 'java/lang/NoSuchMethodError'{0x00000000ff9ce998}: 'java.lang.Object java.lang.invoke.DirectMethodHandle$Holder.invokeStaticInit(java.lang.Object, java.lang.Object, int, int, int, int)'> (0x00000000ff9ce998) 
thrown [s\open\src\hotspot\share\interpreter\linkResolver.cpp, line 759]
Event: 0.751 Thread 0x00000218f2d34420 Exception <a 'java/lang/NoSuchMethodError'{0x00000000ff9fb740}: 'void java.lang.invoke.DirectMethodHandle$Holder.invokeStatic(java.lang.Object, java.lang.Object, java.lang.Object)'> (0x00000000ff9fb740) 
thrown [s\open\src\hotspot\share\interpreter\linkResolver.cpp, line 759]
Event: 0.765 Thread 0x00000218f2d34420 Implicit null exception at 0x0000021887b0b9f2 to 0x0000021887b0bfc0
Event: 0.765 Thread 0x00000218f2d34420 Implicit null exception at 0x0000021887b1a872 to 0x0000021887b1ae50
Event: 46.065 Thread 0x00000218f2d34420 Exception <a 'sun/net/ConnectionResetException'{0x00000000ff66b9a8}: Connection reset> (0x00000000ff66b9a8) 
thrown [s\open\src\hotspot\share\prims\jni.cpp, line 535]
Event: 46.070 Thread 0x00000218f2d34420 Exception <a 'java/lang/NoSuchMethodError'{0x00000000ff434ef0}: 'int java.lang.invoke.DirectMethodHandle$Holder.invokeVirtual(java.lang.Object, java.lang.Object)'> (0x00000000ff434ef0) 
thrown [s\open\src\hotspot\share\interpreter\linkResolver.cpp, line 759]

VM Operations (20 events):
Event: 23.209 Executing VM operation: Cleanup
Event: 23.209 Executing VM operation: Cleanup done
Event: 26.237 Executing VM operation: Cleanup
Event: 26.237 Executing VM operation: Cleanup done
Event: 29.264 Executing VM operation: Cleanup
Event: 29.264 Executing VM operation: Cleanup done
Event: 31.287 Executing VM operation: Cleanup
Event: 31.287 Executing VM operation: Cleanup done
Event: 33.310 Executing VM operation: Cleanup
Event: 33.310 Executing VM operation: Cleanup done
Event: 34.324 Executing VM operation: Cleanup
Event: 34.324 Executing VM operation: Cleanup done
Event: 38.364 Executing VM operation: Cleanup
Event: 38.364 Executing VM operation: Cleanup done
Event: 39.372 Executing VM operation: Cleanup
Event: 39.372 Executing VM operation: Cleanup done
Event: 44.418 Executing VM operation: Cleanup
Event: 44.419 Executing VM operation: Cleanup done
Event: 45.424 Executing VM operation: Cleanup
Event: 45.424 Executing VM operation: Cleanup done

Events (20 events):
Event: 0.934 loading class jdk/internal/reflect/ByteVectorImpl done
Event: 0.934 loading class jdk/internal/reflect/ClassFileAssembler
Event: 0.934 loading class jdk/internal/reflect/ClassFileAssembler done
Event: 0.934 loading class jdk/internal/reflect/UTF8
Event: 0.934 loading class jdk/internal/reflect/UTF8 done
Event: 0.935 Thread 0x00000218ffc273c0 Thread exited: 0x00000218ffc273c0
Event: 0.935 loading class jdk/internal/reflect/Label
Event: 0.935 loading class jdk/internal/reflect/Label done
Event: 0.935 loading class jdk/internal/reflect/Label$PatchInfo
Event: 0.935 loading class jdk/internal/reflect/Label$PatchInfo done
Event: 0.935 loading class jdk/internal/reflect/MethodAccessorGenerator$1
Event: 0.935 loading class jdk/internal/reflect/MethodAccessorGenerator$1 done
Event: 0.935 loading class jdk/internal/reflect/ClassDefiner
Event: 0.935 loading class jdk/internal/reflect/ClassDefiner done
Event: 0.935 loading class jdk/internal/reflect/ClassDefiner$1
Event: 0.935 loading class jdk/internal/reflect/ClassDefiner$1 done
Event: 1.014 loading class java/util/ArrayList$ListItr
Event: 1.014 loading class java/util/ArrayList$ListItr done
Event: 46.065 loading class sun/net/ConnectionResetException
Event: 46.065 loading class sun/net/ConnectionResetException done


Dynamic libraries:
0x00007ff602fe0000 - 0x00007ff602ff0000 	C:\Program Files\Java\jdk-17\bin\java.exe
0x00007ffb72a90000 - 0x00007ffb72c88000 	C:\Windows\SYSTEM32\ntdll.dll
0x00007ffb71da0000 - 0x00007ffb71e5f000 	C:\Windows\System32\KERNEL32.DLL
0x00007ffb707d0000 - 0x00007ffb70aa2000 	C:\Windows\System32\KERNELBASE.dll
0x00007ffb70220000 - 0x00007ffb70320000 	C:\Windows\System32\ucrtbase.dll
0x00007ffb6ae00000 - 0x00007ffb6ae18000 	C:\Program Files\Java\jdk-17\bin\jli.dll
0x00007ffb6a9c0000 - 0x00007ffb6a9db000 	C:\Program Files\Java\jdk-17\bin\VCRUNTIME140.dll
0x00007ffb72870000 - 0x00007ffb7291e000 	C:\Windows\System32\ADVAPI32.dll
0x00007ffb71c30000 - 0x00007ffb71cce000 	C:\Windows\System32\msvcrt.dll
0x00007ffb719b0000 - 0x00007ffb71a4c000 	C:\Windows\System32\sechost.dll
0x00007ffb71ec0000 - 0x00007ffb71fe4000 	C:\Windows\System32\RPCRT4.dll
0x00007ffb713c0000 - 0x00007ffb71561000 	C:\Windows\System32\USER32.dll
0x00007ffb70ab0000 - 0x00007ffb70ad2000 	C:\Windows\System32\win32u.dll
0x00007ffb5b720000 - 0x00007ffb5b9ba000 	C:\Windows\WinSxS\amd64_microsoft.windows.common-controls_6595b64144ccf1df_6.0.19041.1110_none_60b5254171f9507e\COMCTL32.dll
0x00007ffb712e0000 - 0x00007ffb7130b000 	C:\Windows\System32\GDI32.dll
0x00007ffb704c0000 - 0x00007ffb705cf000 	C:\Windows\System32\gdi32full.dll
0x00007ffb705d0000 - 0x00007ffb7066d000 	C:\Windows\System32\msvcp_win.dll
0x00007ffb630c0000 - 0x00007ffb630ca000 	C:\Windows\SYSTEM32\VERSION.dll
0x00007ffb71c00000 - 0x00007ffb71c30000 	C:\Windows\System32\IMM32.DLL
0x00007ffb6ab30000 - 0x00007ffb6ab3c000 	C:\Program Files\Java\jdk-17\bin\vcruntime140_1.dll
0x00007ffb51f80000 - 0x00007ffb5200e000 	C:\Program Files\Java\jdk-17\bin\msvcp140.dll
0x00007ffb284e0000 - 0x00007ffb290b7000 	C:\Program Files\Java\jdk-17\bin\server\jvm.dll
0x00007ffb71310000 - 0x00007ffb71318000 	C:\Windows\System32\PSAPI.DLL
0x00007ffb5df70000 - 0x00007ffb5df97000 	C:\Windows\SYSTEM32\WINMM.dll
0x00007ffb69da0000 - 0x00007ffb69da9000 	C:\Windows\SYSTEM32\WSOCK32.dll
0x00007ffb72190000 - 0x00007ffb721fb000 	C:\Windows\System32\WS2_32.dll
0x00007ffb6ea30000 - 0x00007ffb6ea42000 	C:\Windows\SYSTEM32\kernel.appcore.dll
0x00007ffb6a9b0000 - 0x00007ffb6a9ba000 	C:\Program Files\Java\jdk-17\bin\jimage.dll
0x00007ffb6dcb0000 - 0x00007ffb6de94000 	C:\Windows\SYSTEM32\DBGHELP.DLL
0x00007ffb67800000 - 0x00007ffb67835000 	C:\Windows\SYSTEM32\dbgcore.DLL
0x00007ffb70190000 - 0x00007ffb70212000 	C:\Windows\System32\bcryptPrimitives.dll
0x00007ffb68c20000 - 0x00007ffb68c45000 	C:\Program Files\Java\jdk-17\bin\java.dll
0x00007ffb48000000 - 0x00007ffb480d7000 	C:\Program Files\Java\jdk-17\bin\jsvml.dll
0x00007ffb70ae0000 - 0x00007ffb71225000 	C:\Windows\System32\SHELL32.dll
0x00007ffb6e230000 - 0x00007ffb6e9c2000 	C:\Windows\SYSTEM32\windows.storage.dll
0x00007ffb71570000 - 0x00007ffb718c5000 	C:\Windows\System32\combase.dll
0x00007ffb6fb10000 - 0x00007ffb6fb40000 	C:\Windows\SYSTEM32\Wldp.dll
0x00007ffb71230000 - 0x00007ffb712dd000 	C:\Windows\System32\SHCORE.dll
0x00007ffb72670000 - 0x00007ffb726c5000 	C:\Windows\System32\shlwapi.dll
0x00007ffb700d0000 - 0x00007ffb700ef000 	C:\Windows\SYSTEM32\profapi.dll
0x00007ffb68c70000 - 0x00007ffb68c89000 	C:\Program Files\Java\jdk-17\bin\net.dll
0x00007ffb682f0000 - 0x00007ffb683fa000 	C:\Windows\SYSTEM32\WINHTTP.dll
0x00007ffb6f870000 - 0x00007ffb6f8da000 	C:\Windows\system32\mswsock.dll
0x00007ffb68bd0000 - 0x00007ffb68be6000 	C:\Program Files\Java\jdk-17\bin\nio.dll
0x00007ffb68bb0000 - 0x00007ffb68bc8000 	C:\Program Files\Java\jdk-17\bin\zip.dll
0x00007ffb68c10000 - 0x00007ffb68c20000 	C:\Program Files\Java\jdk-17\bin\verify.dll
0x00007ffb5e170000 - 0x00007ffb5e197000 	C:\Users\79515\.gradle\native\68d5fa5c4cc2d200863cafc0d521ce42e7d3e7ee720ec0a83991735586a16f82\windows-amd64\native-platform.dll
0x00007ffb6a990000 - 0x00007ffb6a99a000 	C:\Users\79515\.gradle\native\jansi\1.18\windows64\jansi.dll
0x00007ffb68ba0000 - 0x00007ffb68baa000 	C:\Program Files\Java\jdk-17\bin\management.dll
0x00007ffb685d0000 - 0x00007ffb685db000 	C:\Program Files\Java\jdk-17\bin\management_ext.dll
0x00007ffb6fa70000 - 0x00007ffb6fa88000 	C:\Windows\SYSTEM32\CRYPTSP.dll
0x00007ffb6f190000 - 0x00007ffb6f1c4000 	C:\Windows\system32\rsaenh.dll
0x00007ffb70490000 - 0x00007ffb704b7000 	C:\Windows\System32\bcrypt.dll
0x00007ffb70090000 - 0x00007ffb700be000 	C:\Windows\SYSTEM32\USERENV.dll
0x00007ffb6fa60000 - 0x00007ffb6fa6c000 	C:\Windows\SYSTEM32\CRYPTBASE.dll
0x00007ffb6f560000 - 0x00007ffb6f59b000 	C:\Windows\SYSTEM32\IPHLPAPI.DLL
0x00007ffb72730000 - 0x00007ffb72738000 	C:\Windows\System32\NSI.dll
0x00007ffb68710000 - 0x00007ffb68727000 	C:\Windows\SYSTEM32\dhcpcsvc6.DLL
0x00007ffb688f0000 - 0x00007ffb6890d000 	C:\Windows\SYSTEM32\dhcpcsvc.DLL
0x00007ffb6f5a0000 - 0x00007ffb6f66b000 	C:\Windows\SYSTEM32\DNSAPI.dll
0x00007ffb677b0000 - 0x00007ffb677bd000 	C:\Program Files\Java\jdk-17\bin\sunmscapi.dll
0x00007ffb70670000 - 0x00007ffb707c6000 	C:\Windows\System32\CRYPT32.dll
0x00007ffb6fb80000 - 0x00007ffb6fba7000 	C:\Windows\SYSTEM32\ncrypt.dll
0x00007ffb6fb40000 - 0x00007ffb6fb7b000 	C:\Windows\SYSTEM32\NTASN1.dll
0x00007ffb62ca0000 - 0x00007ffb62ca7000 	C:\Windows\system32\wshunix.dll

dbghelp: loaded successfully - version: 4.0.5 - missing functions: none
symbol engine: initialized successfully - sym options: 0x614 - pdb path: .;C:\Program Files\Java\jdk-17\bin;C:\Windows\SYSTEM32;C:\Windows\WinSxS\amd64_microsoft.windows.common-controls_6595b64144ccf1df_6.0.19041.1110_none_60b5254171f9507e;C:\Program Files\Java\jdk-17\bin\server;C:\Users\79515\.gradle\native\68d5fa5c4cc2d200863cafc0d521ce42e7d3e7ee720ec0a83991735586a16f82\windows-amd64;C:\Users\79515\.gradle\native\jansi\1.18\windows64

VM Arguments:
jvm_args: -Xmx64m -Xms64m -Dorg.gradle.appname=gradle 
java_command: org.gradle.launcher.GradleMain clean qa -Psuite1
java_class_path (initial): C:/Tools/gradle-8.0.2/lib/gradle-launcher-8.0.2.jar
Launcher Type: SUN_STANDARD

[Global flags]
     intx CICompilerCount                          = 4                                         {product} {ergonomic}
     uint ConcGCThreads                            = 3                                         {product} {ergonomic}
     uint G1ConcRefinementThreads                  = 10                                        {product} {ergonomic}
   size_t G1HeapRegionSize                         = 1048576                                   {product} {ergonomic}
    uintx GCDrainStackTargetSize                   = 64                                        {product} {ergonomic}
   size_t InitialHeapSize                          = 67108864                                  {product} {command line}
   size_t MarkStackSize                            = 4194304                                   {product} {ergonomic}
   size_t MaxHeapSize                              = 67108864                                  {product} {command line}
   size_t MaxNewSize                               = 39845888                                  {product} {ergonomic}
   size_t MinHeapDeltaBytes                        = 1048576                                   {product} {ergonomic}
   size_t MinHeapSize                              = 67108864                                  {product} {command line}
    uintx NonNMethodCodeHeapSize                   = 5839372                                {pd product} {ergonomic}
    uintx NonProfiledCodeHeapSize                  = 122909434                              {pd product} {ergonomic}
    uintx ProfiledCodeHeapSize                     = 122909434                              {pd product} {ergonomic}
    uintx ReservedCodeCacheSize                    = 251658240                              {pd product} {ergonomic}
     bool SegmentedCodeCache                       = true                                      {product} {ergonomic}
   size_t SoftMaxHeapSize                          = 67108864                               {manageable} {ergonomic}
     bool UseCompressedClassPointers               = true                           {product lp64_product} {ergonomic}
     bool UseCompressedOops                        = true                           {product lp64_product} {ergonomic}
     bool UseG1GC                                  = true                                      {product} {ergonomic}
     bool UseLargePagesIndividualAllocation        = false                                  {pd product} {ergonomic}

Logging:
Log output configuration:
 #0: stdout all=warning uptime,level,tags
 #1: stderr all=off uptime,level,tags

Environment Variables:
JAVA_HOME=C:\Program Files\Java\jdk-17
PATH=C:\Users\79515\bin;C:\Program Files\Git\mingw64\bin;C:\Program Files\Git\usr\local\bin;C:\Program Files\Git\usr\bin;C:\Program Files\Git\usr\bin;C:\Program Files\Git\mingw64\bin;C:\Program Files\Git\usr\bin;C:\Users\79515\bin;C:\Python310\Scripts;C:\Tools;C:\Program Files\Java\jdk-17\bin;C:\Tools\gradle-8.0.2\bin;C:\Python310;C:\Windows\system32;C:\Windows;C:\Windows\System32\Wbem;C:\Windows\System32\WindowsPowerShell\v1.0;C:\Windows\System32\OpenSSH;C:\Program Files\Git\cmd;C:\Program Files\nodejs;C:\ProgramData\chocolatey\bin;C:\Users\79515\AppData\Local\Microsoft\WindowsApps;C:\Users\79515\AppData\Local\Programs\Microsoft VS Code\bin;C:\Users\79515\AppData\Roaming\npm;D:\IntelliJ IDEA Community Edition 2022.2\bin;C:\Users\79515\AppData\Local\Programs\Fiddler;C:\Program Files\Git\usr\bin\vendor_perl;C:\Program Files\Git\usr\bin\core_perl
USERNAME=79515
SHELL=C:\Program Files\Git\usr\bin\bash.exe
DISPLAY=needs-to-be-defined
LC_CTYPE=ru_RU.UTF-8
OS=Windows_NT
PROCESSOR_IDENTIFIER=AMD64 Family 23 Model 96 Stepping 1, AuthenticAMD



---------------  S Y S T E M  ---------------

OS:
 Windows 10 , 64 bit Build 19041 (10.0.19041.2546)
OS uptime: 29 days 19:01 hours

CPU: total 12 (initial active 12) (12 cores per cpu, 2 threads per core) family 23 model 96 stepping 1 microcode 0x0, cx8, cmov, fxsr, ht, mmx, 3dnowpref, sse, sse2, sse3, ssse3, sse4a, sse4.1, sse4.2, popcnt, lzcnt, tsc, tscinvbit, avx, avx2, aes, clmul, bmi1, bmi2, adx, sha, fma, vzeroupper, clflush, clflushopt

Memory: 4k page, system-wide physical 15741M (1337M free)
TotalPageFile size 31101M (AvailPageFile size 439M)
current process WorkingSet (physical memory assigned to process): 85M, peak: 92M
current process commit charge ("private bytes"): 165M, peak: 172M

vm_info: Java HotSpot(TM) 64-Bit Server VM (17.0.6+9-LTS-190) for windows-amd64 JRE (17.0.6+9-LTS-190), built on Dec  6 2022 15:53:54 by "mach5one" with MS VC++ 17.1 (VS2022)

END.
